<?xml version="1.0" encoding="UTF-8"?>
<!-- Generated by org.testng.reporters.JUnitReportReporter -->
<testsuite hostname="LAPTOP-FL2S3GRA" failures="0" tests="1" name="TC5" time="60.644" errors="0" timestamp="2021-08-22T15:32:05 IST" skipped="0">
  <testcase classname="TC5" name="method1" time="60.644"/>
  <system-out/>
</testsuite> <!-- TC5 -->
