<?xml version="1.0" encoding="UTF-8"?>
<!-- Generated by org.testng.reporters.JUnitReportReporter -->
<testsuite hostname="LAPTOP-FL2S3GRA" failures="0" tests="1" name="org.testings.TestScripts.TC6" time="64.456" errors="0" timestamp="2021-08-24T23:24:47 IST" skipped="0">
  <testcase classname="org.testings.TestScripts.TC6" name="method1" time="64.456"/>
  <system-out/>
</testsuite> <!-- org.testings.TestScripts.TC6 -->
