<?xml version="1.0" encoding="UTF-8"?>
<!-- Generated by org.testng.reporters.JUnitReportReporter -->
<testsuite hostname="LAPTOP-FL2S3GRA" failures="0" tests="1" name="TC3" time="62.405" errors="0" timestamp="2021-08-21T23:55:03 IST" skipped="0">
  <testcase classname="TC3" name="method1" time="62.405"/>
  <system-out/>
</testsuite> <!-- TC3 -->
