<?xml version="1.0" encoding="UTF-8"?>
<!-- Generated by org.testng.reporters.JUnitReportReporter -->
<testsuite hostname="LAPTOP-FL2S3GRA" failures="0" tests="1" name="TC1" time="49.481" errors="0" timestamp="2021-08-21T16:20:10 IST" skipped="0">
  <testcase classname="TC1" name="method1" time="49.481"/>
  <system-out/>
</testsuite> <!-- TC1 -->
