<?xml version="1.0" encoding="UTF-8"?>
<!-- Generated by org.testng.reporters.JUnitReportReporter -->
<testsuite hostname="LAPTOP-FL2S3GRA" failures="0" tests="1" name="TC2" time="56.218" errors="0" timestamp="2021-08-21T23:40:51 IST" skipped="0">
  <testcase classname="TC2" name="method1" time="56.218"/>
  <system-out/>
</testsuite> <!-- TC2 -->
