<?xml version="1.0" encoding="UTF-8"?>
<!-- Generated by org.testng.reporters.JUnitReportReporter -->
<testsuite hostname="LAPTOP-FL2S3GRA" failures="0" tests="1" name="TC8" time="51.899" errors="0" timestamp="2021-08-23T22:42:14 IST" skipped="0">
  <testcase classname="TC8" name="method1" time="51.899"/>
  <system-out/>
</testsuite> <!-- TC8 -->
