<?xml version="1.0" encoding="UTF-8"?>
<!-- Generated by org.testng.reporters.JUnitReportReporter -->
<testsuite hostname="LAPTOP-FL2S3GRA" failures="0" tests="1" name="org.testings.TestScripts.TC5" time="58.308" errors="0" timestamp="2021-08-23T23:16:30 IST" skipped="0">
  <testcase classname="org.testings.TestScripts.TC5" name="method1" time="58.308"/>
  <system-out/>
</testsuite> <!-- org.testings.TestScripts.TC5 -->
