<?xml version="1.0" encoding="UTF-8"?>
<!-- Generated by org.testng.reporters.JUnitReportReporter -->
<testsuite hostname="LAPTOP-FL2S3GRA" failures="0" tests="1" name="TC6" time="78.834" errors="0" timestamp="2021-08-22T21:23:37 IST" skipped="0">
  <testcase classname="TC6" name="method1" time="78.834"/>
  <system-out/>
</testsuite> <!-- TC6 -->
