<?xml version="1.0" encoding="UTF-8"?>
<!-- Generated by org.testng.reporters.JUnitReportReporter -->
<testsuite hostname="LAPTOP-FL2S3GRA" failures="0" tests="1" name="TC4" time="59.477" errors="0" timestamp="2021-08-22T14:43:25 IST" skipped="0">
  <testcase classname="TC4" name="method1" time="59.477"/>
  <system-out/>
</testsuite> <!-- TC4 -->
