<?xml version="1.0" encoding="UTF-8"?>
<!-- Generated by org.testng.reporters.JUnitReportReporter -->
<testsuite hostname="LAPTOP-FL2S3GRA" failures="0" tests="1" name="org.testings.TestScripts.TC4" time="55.460" errors="0" timestamp="2021-08-23T23:08:03 IST" skipped="0">
  <testcase classname="org.testings.TestScripts.TC4" name="method1" time="55.460"/>
  <system-out/>
</testsuite> <!-- org.testings.TestScripts.TC4 -->
